-- unpacked representation
SELECT '0'::number, pg_column_size('0'::number);
 number | pg_column_size 
--------+----------------
 0      |              4
(1 row)

SELECT '1'::number, pg_column_size('1'::number);
 number | pg_column_size 
--------+----------------
 1      |              5
(1 row)

SELECT '-1'::number, pg_column_size('-1'::number);
 number | pg_column_size 
--------+----------------
 -1     |              5
(1 row)

CREATE TABLE num (
	n1 number,
	n2 number
);
INSERT INTO num
	VALUES (NULL, '0'),
		('-1', '1'),
		('-128', '127'),
		('-129', '128'),
		('-32768', '32767'),
		('-32769', '32768'),
		('-8388608', '8388607'),
		('-8388609', '8388608'),
		('-2147483648', '2147483647'),
		('-2147483649', '2147483648'),
		('-549755813888', '549755813887'),
		('-549755813889', '549755813888'),
		('-140737488355328', '140737488355327'),
		('-140737488355329', '140737488355328'),
		('-36028797018963968', '36028797018963967'),
		('-36028797018963969', '36028797018963968'),
		('-9223372036854775808', '9223372036854775807');
-- packed representation
SELECT n1, n2, pg_column_size(n1), pg_column_size(n2) FROM num;
          n1          |         n2          | pg_column_size | pg_column_size 
----------------------+---------------------+----------------+----------------
                      | 0                   |                |              1
 -1                   | 1                   |              2 |              2
 -128                 | 127                 |              2 |              2
 -129                 | 128                 |              3 |              3
 -32768               | 32767               |              3 |              3
 -32769               | 32768               |              4 |              4
 -8388608             | 8388607             |              4 |              4
 -8388609             | 8388608             |              5 |              5
 -2147483648          | 2147483647          |              5 |              5
 -2147483649          | 2147483648          |              6 |              6
 -549755813888        | 549755813887        |              6 |              6
 -549755813889        | 549755813888        |              7 |              7
 -140737488355328     | 140737488355327     |              7 |              7
 -140737488355329     | 140737488355328     |              8 |              8
 -36028797018963968   | 36028797018963967   |              8 |              8
 -36028797018963969   | 36028797018963968   |              9 |              9
 -9223372036854775808 | 9223372036854775807 |              9 |              9
(17 rows)

-- casts
SELECT number(1); -- explicit call
 number 
--------
 1
(1 row)

SELECT 1::number; -- cast from int
 number 
--------
 1
(1 row)

SELECT 549755813887::number; -- cast from bigint
    number    
--------------
 549755813887
(1 row)

SELECT 1::number + 2::number; -- implicit cast to bigint
 ?column? 
----------
        3
(1 row)

